				ch1äpìx	ch2äpìx													
FFFFFCFD	41	FFFFFB24	FFFFFD07	-85.181	-121.45	-109.05	deg	0	----	89	34.2							
FFFFFCF3	55	FFFFFA9C	FFFFFDAD	-83.789	-113.32	-103.27	deg	0	----	89	34.2							
FFFFFD06	31	FFFFFA0E	FFFFFE97	-86.321	-103.34	-97.779	deg	0	----	89	34.2							
FFFFFD12	0000001E	FFFFFA54	FFFFFE4C	-87.709	-106.71	-100.44	deg	0	----	89	34.2							
FFFFFCF5	52	FFFFFAD5	FFFFFD55	-83.991	-117.3	-105.95	deg	0	----	89	34.2							
FFFFFD0D	34	FFFFFA35	FFFFFE84	-86.06	-104.37	-98.338	deg	0	----	89	34.2							
FFFFFD14	18	FFFFFA33	FFFFFE79	-88.162	-104.75	-99.333	deg	0	----	89	34.2							
FFFFFCEB	33	FFFFFAD7	FFFFFD41	-86.302	-118.02	-107.17	deg	0	----	89	34.2							
FFFFFD23	42	FFFFFA46	FFFFFE71	-84.855	-105.22	-98.611	deg	0	----	008A	34.5							
FFFFFD08	0000001B	FFFFFA29	FFFFFE6D	-87.965	-105.08	-99.466	deg	0	----	008A	34.5							
FFFFFCE3	30	FFFFFABA	FFFFFD88	-86.553	-115.08	-105.21	deg	0	----	008A	34.5							
FFFFFD05	0000004D	FFFFFAF1	FFFFFD5A	-84.237	-117.63	-106.27	deg	0	----	008A	34.5							
FFFFFD01	0000002B	FFFFFA1F	FFFFFE74	-86.791	-104.74	-98.831	deg	0	----	008A	34.5							
FFFFFCE8	31	FFFFFA94	FFFFFDB8	-86.46	-112.81	-103.78	deg	0	----	008A	34.5							
FFFFFD08	40	FFFFFAF6	FFFFFD49	-85.186	-118.31	-107.1	deg	0	----	008A	34.5							
FFFFFD1C	44	FFFFFA86	FFFFFE33	-84.75	-108.2	-100.39	deg	0	----	008A	34.5							
FFFFFCE9	29	FFFFFA94	FFFFFD74	-87.033	-115.16	-105.66	deg	0	----	008A	34.5							
FFFFFD06	41	FFFFFAD5	FFFFFD8E	-85.124	-115.32	-105.06	deg	0	----	008A	34.5							
FFFFFD26	0000004D	FFFFFA9B	FFFFFE3D	-83.979	-108.08	-100.04	deg	0	----	008A	34.5							
FFFFFCFF	0000002E	FFFFFA56	FFFFFE01	-86.577	-109.41	-101.83	deg	0	----	008A	34.5							
FFFFFD0A	44	FFFFFABA	FFFFFDD0	-84.874	-112.52	-103.13	deg	0	----	008A	34.5							
FFFFFD1D	0000004C	FFFFFACC	FFFFFDF1	-84.128	-111.58	-102.28	deg	0	----	008A	34.5							
FFFFFCF7	0000002F	FFFFFA5D	FFFFFDE9	-86.538	-110.34	-102.39	deg	0	----	008A	34.5							
FFFFFCF7	28	FFFFFA39	FFFFFE04	-87.053	-108.95	-101.72	deg	0	----	008A	34.5							
FFFFFD0B	0000004A	FFFFFADB	FFFFFDB3	-84.417	-114.09	-103.94	deg	0	----	008A	34.5							
FFFFFCF5	35	FFFFFA52	FFFFFDEA	-86.108	-110.16	-102.15	deg	0	----	008A	34.5					ÉZÉìÉTÇÃó„é•êMçÜÇA/DÇ…íºê⁄ì¸ÇÍÇΩ		
FFFFFD00	21	FFFFFA46	FFFFFE10	-87.54	-108.69	-101.7	deg	0	----	008A	34.5							
FFFFFD0A	44	FFFFFACC	FFFFFDD4	-84.874	-112.65	-103.14	deg	0	----	008A	34.5					ch1ÉAÉìÉvÇÃÉQÉCÉì10î{		
FFFFFCFD	27	FFFFFA57	FFFFFDD8	-87.104	-110.85	-103.01	deg	0	----	89	34.2					ch2ÉAÉìÉvÇÃÉQÉCÉì1/6î{		
FFFFFD00	0000002A	FFFFFA41	FFFFFE3B	-86.87	-107.11	-100.4	deg	0	----	89	34.2					ch1NCOPHASE		0x2000
FFFFFD0C	51	FFFFFAB7	FFFFFDF0	-83.884	-111.31	-101.96	deg	0	----	89	34.2					ch2NCOPHASE		0x0000
FFFFFD03	0000003F	FFFFFAE0	FFFFFD63	-85.292	-117.01	-106.26	deg	0	----	89	34.2							
FFFFFD02	35	FFFFFA34	FFFFFE68	-86.042	-105.37	-98.966	deg	0	----	89	34.2							
FFFFFD0F	52	FFFFFAA9	FFFFFDF7	-83.785	-110.86	-101.69	deg	0	----	89	34.2							
FFFFFD05	0000003E	FFFFFAED	FFFFFD53	-85.354	-117.8	-106.81	deg	0	----	89	34.2							
FFFFFCF9	0000001F	FFFFFA7B	FFFFFDB9	-87.709	-112.42	-104.15	deg	0	----	89	34.2							
FFFFFCFD	0000002D	FFFFFA3A	FFFFFE4F	-86.66	-106.32	-99.788	deg	0	----	89	34.2							
FFFFFD0A	46	FFFFFAD5	FFFFFD80	-84.724	-115.81	-105.31	deg	0	----	89	34.2							
FFFFFCF8	23	FFFFFA81	FFFFFDB7	-87.418	-112.57	-104.14	deg	0	----	89	34.2							
FFFFFCF4	0000002D	FFFFFA4F	FFFFFE23	-86.698	-108.12	-100.93	deg	0	----	89	34.2							
FFFFFD0F	0000004E	FFFFFA92	FFFFFE1F	-84.086	-109.08	-100.65	deg	0	----	89	34.2							
FFFFFCF5	24	FFFFFA7B	FFFFFDAE	-87.354	-112.8	-104.28	deg	0	----	89	34.2							
FFFFFCF1	0000002B	FFFFFA72	FFFFFE01	-86.857	-109.76	-101.98	deg	0	----	89	34.2							
FFFFFD14	47	FFFFFAAB	FFFFFDED	-84.578	-111.25	-102.28	deg	0	----	89	34.2							
FFFFFD09	44	FFFFFA84	FFFFFDF2	-84.88	-110.53	-101.95	deg	0	----	89	34.2							
FFFFFD00	0000002F	FFFFFAA0	FFFFFDB9	-86.498	-112.96	-104.03	deg	0	----	89	34.2							
FFFFFD1A	0000003D	FFFFFAB7	FFFFFDAC	-85.3	-113.77	-104.32	deg	0	----	89	34.2							
FFFFFD0F	0000003C	FFFFFA65	FFFFFE33	-85.444	-107.81	-100.38	deg	0	----	89	34.2							
FFFFFCEF	36	FFFFFA64	FFFFFE38	-86.065	-107.61	-100.25	deg	0	----	008C	35							
FFFFFD13	0000003F	FFFFFAAB	FFFFFD8B	-85.192	-114.74	-104.98	deg	0	----	008C	35							
FFFFFD1B	38	FFFFFA56	FFFFFE53	-85.678	-106.48	-99.662	deg	0	----	008C	35							
FFFFFCFD	27	FFFFFA76	FFFFFE2F	-87.104	-108.15	-101.01	deg	0	----	008C	35							
FFFFFCE9	40	FFFFFAAF	FFFFFD91	-85.374	-114.59	-104.56	deg	0	----	008C	35							
FFFFFD1C	0000002A	FFFFFA7A	FFFFFE18	-86.752	-109.04	-101.69	deg	0	----	008C	35							
FFFFFD0E	0000001D	FFFFFA5F	FFFFFE63	-87.797	-105.99	-99.923	deg	0	----	008C	35							
FFFFFCF6	0000004C	FFFFFA86	FFFFFDB9	-84.421	-112.57	-103.09	deg	0	----	008C	35							
FFFFFCE7	54	FFFFFAC8	FFFFFD3D	-83.953	-117.88	-106.31	deg	0	----	008C	35							
FFFFFD27	0000001F	FFFFFA55	FFFFFE84	-87.565	-104.67	-99.095	deg	0	----	008C	35							
FFFFFD01	48	FFFFFAA5	FFFFFD81	-84.637	-114.98	-104.85	deg	0	----	008C	35							
FFFFFCD1	0000004C	FFFFFAAF	FFFFFD55	-84.672	-116.64	-105.58	deg	0	----	008C	35							
FFFFFD05	0000002B	FFFFFA5F	FFFFFE51	-86.774	-106.65	-99.984	deg	0	----	008C	35							
FFFFFD00	45	FFFFFAC2	FFFFFD68	-84.866	-116.32	-105.74	deg	0	----	008C	35							
FFFFFCCD	46	FFFFFAB2	FFFFFD6D	-85.115	-115.88	-105.13	deg	0	----	008C	35							
FFFFFD07	0000002A	FFFFFA54	FFFFFE52	-86.841	-106.49	-99.944	deg	0	----	008C	35							
FFFFFD37	33	FFFFFA60	FFFFFE3A	-85.909	-107.49	-100.6	deg	0	----	008C	35							
FFFFFCD3	0000003B	FFFFFABC	FFFFFD89	-85.849	-115.08	-104.82	deg	0	----	008C	35							
FFFFFCFC	24	FFFFFA63	FFFFFE49	-87.33	-106.98	-100.33	deg	0	----	008C	35							
FFFFFD30	0000003A	FFFFFA3F	FFFFFE5E	-85.394	-105.84	-99.322	deg	0	----	008C	35							
FFFFFD11	0000004B	FFFFFAAC	FFFFFD80	-84.297	-115.13	-104.95	deg	0	----	008A	34.5							
FFFFFCF3	28	FFFFFA6D	FFFFFE3E	-87.068	-107.5	-100.51	deg	0	----	008A	34.5							
FFFFFD23	34	FFFFFA27	FFFFFE7D	-85.942	-104.49	-98.543	deg	0	----	008A	34.5							
FFFFFD15	0000004C	FFFFFA99	FFFFFD9F	-84.191	-113.76	-104.04	deg	0	----	008A	34.5							
FFFFFCEE	41	FFFFFAE5	FFFFFD59	-85.273	-117.45	-106.35	deg	0	----	008A	34.5							
FFFFFCF4	24	FFFFFA9E	FFFFFDEA	-87.357	-111.18	-102.99	deg	0	----	008A	34.5							
FFFFFD0D	0000004B	FFFFFA6F	FFFFFDE6	-84.327	-110.68	-101.99	deg	0	----	008A	34.5							
FFFFFCFB	47	FFFFFAAC	FFFFFDCD	-84.752	-112.42	-102.96	deg	0	----	008A	34.5							
FFFFFD06	0000002A	FFFFFAB2	FFFFFDC2	-86.845	-112.91	-104.08	deg	0	----	008A	34.5							
FFFFFCFE	0000002B	FFFFFA6E	FFFFFDE3	-86.804	-110.77	-102.77	deg	0	----	008A	34.5							
FFFFFD13	48	FFFFFA9E	FFFFFDFE	-84.509	-110.45	-101.73	deg	0	----	008A	34.5							
FFFFFD0A	0000003B	FFFFFAA9	FFFFFDC1	-85.549	-112.81	-103.64	deg	0	----	008A	34.5							
FFFFFCEB	28	FFFFFA98	FFFFFD64	-87.098	-115.76	-106.11	deg	0	----	008A	34.5							
FFFFFCFC	0000002B	FFFFFA82	FFFFFDDD	-86.812	-111.25	-103.02	deg	0	----	008A	34.5							
FFFFFD0C	48	FFFFFA8B	FFFFFDF8	-84.56	-110.41	-101.75	deg	0	----	008A	34.5							
FFFFFCE5	0000002A	FFFFFAD8	FFFFFCBE	-86.976	-													
FFFFFD1B	26	FFFFFAA5	FFFFFD29	-87.064	-117.93	-108.06	deg	0	----	008A	34.5							
FFFFFCD3	0000003B	FFFFFB29	FFFFFCDC	-85.849	-122.98	-109.95	deg	0	----	008A	34.5							
FFFFFD2F	35	FFFFF9FA	FFFFFED5	-85.796	-100.97	-96.204	deg	0	----	008A	34.5							
FFFFFD17	29	FFFFFA9B	FFFFFD74	-86.85	-115.27	-106.03	deg	0	----	008A	34.5							
FFFFFCE3	36	FFFFFB15	FFFFFCE9	-86.124	-122.14	-109.72	deg	0	----	008A	34.5							
FFFFFCED	0000004A	FFFFFA79	FFFFFE2A	-84.628	-108.37	-100.19	deg	0	----	008A	34.5							
FFFFFD1A	28	FFFFFAA1	FFFFFD9D	-86.914	-113.95	-105.09	deg	0	----	008A	34.5							
FFFFFCF1	32	FFFFFB1B	FFFFFCDA	-86.346	-122.75	-110.37	deg	0	----	008A	34.5							
FFFFFCE8	49	FFFFFA68	FFFFFE1D	-84.734	-108.63	-100.44	deg	0	----	008A	34.5							
FFFFFD13	47	FFFFF9FA	FFFFFEF3	-84.585	-99.896	-94.94	deg	0	----	008A	34.5							
FFFFFD21	29	FFFFFAB7	FFFFFDA4	-86.807	-114.05	-105.09	deg	0	----	008A	34.5							
FFFFFCE9	46	FFFFFA65	FFFFFE0A	-84.943	-109.28	-100.98	deg	0	----	008A	34.5							
FFFFFD0F	55	FFFFFA26	FFFFFEB3	-83.56	-102.53	-96.287	deg	0	----	008A	34.5							
FFFFFD17	38	FFFFFA9F	FFFFFDDD	-85.701	-111.66	-103.02	deg	0	----	008A	34.5							
FFFFFCFF	18	FFFFFAD5	FFFFFD44	-88.212	-117.88	-107.9	deg	0	----	008A	34.5							
FFFFFD07	58	FFFFFA51	FFFFFE58	-83.404	-106.24	-98.622	deg	0	----	008A	34.5							
FFFFFD1A	46	FFFFFA94	FFFFFDFC	-84.611	-110.39	-101.82	deg	0	----	008A	34.5							
FFFFFD01	0000001C	FFFFFAAE	FFFFFD9D	-87.909	-114.16	-105.31	deg	0	----	008A	34.5							
FFFFFCF1	25	FFFFFA6A	FFFFFDE8	-87.295	-110.54	-102.7	deg	0	----	008A	34.5							
FFFFFD14	0000004E	FFFFFAC3	FFFFFDB3	-84.047	-113.71	-103.74	deg	0	----	008A	34.5							
FFFFFCF8	0000001A	FFFFFA9D	FFFFFDBB	-88.081	-112.84	-104.44	deg	0	----	008A	34.5							
FFFFFCF9	22	FFFFFA2F	FFFFFE46	-87.488	-106.53	-100.21	deg	0	----	008A	34.5							
FFFFFD15	54	FFFFFA8D	FFFFFDEE	-83.584	-110.8	-101.76	deg	0	----	008A	34.5							
FFFFFCF2	0000001E	FFFFFA83	FFFFFDD4	-87.803	-111.59	-103.52	deg	0	----	008A	34.5							
FFFFFD00	28	FFFFFA3D	FFFFFE36	-87.019	-107.25	-100.55	deg	0	----	008A	34.5							
FFFFFD11	51	FFFFFA98	FFFFFDE5	-83.844	-111.27	-102.1	deg	0	----	008A	34.5							
FFFFFD07	0000004B	FFFFFAC5	FFFFFDAA	-84.371	-114.06	-103.98	deg	0	----	008A	34.5							
FFFFFCFD	26	FFFFFA59	FFFFFE09	-87.178	-109.16	-101.84	deg	0	----	008A	34.5							
FFFFFD08	0000004E	FFFFFA76	FFFFFE24	-84.14	-108.55	-100.35	deg	0	----	008A	34.5							
FFFFFD10	0000004B	FFFFFABE	FFFFFDB0	-84.304	-113.74	-103.84	deg	0	----	008A	34.5							
FFFFFCF7	32	FFFFFAB0	FFFFFD84	-86.318	-115.06	-105.33	deg	0	----	008A	34.5							
FFFFFD14	37	FFFFFA74	FFFFFE1E	-85.795	-108.74	-101.14	deg	0	----	008A	34.5							
FFFFFD11	46	FFFFFACA	FFFFFD75	-84.675	-116.01	-105.57	deg	0	----	008A	34.5							
FFFFFCF9	51	FFFFFA86	FFFFFDEE	-84.033	-110.7	-101.65	deg	0	----	008A	34.5							
FFFFFCF2	33	FFFFFA4D	FFFFFE5F	-86.269	-105.95	-99.276	deg	0	----	008A	34.5							
FFFFFD17	0000003B	FFFFFAC5	FFFFFD65	-85.472	-116.47	-106.26	deg	0	----	008A	34.5							
FFFFFD04	67	FFFFFA6A	FFFFFE3A	-82.322	-107.61	-99.089	deg	0	----	008A	34.5							
FFFFFCEA	0000003A	FFFFFA60	FFFFFE53	-85.801	-106.59	-99.446	deg	0	----	008A	34.5							
FFFFFD00	6	FFFFFAAA	FFFFFD97	-89.552	-114.3	-105.97	deg	0	----	008A	34.5							
FFFFFD05	0000006D	FFFFFA6D	FFFFFE15	-81.87	-108.98	-99.895	deg	0	----	008A	34.5							
FFFFFCE5	43	FFFFFA6C	FFFFFE4C	-85.183	-106.97	-99.425	deg	0	----	008A	34.5							
FFFFFD0B	FFFFFFFF	FFFFFA98	FFFFFDCE	-90.076	-112.1	-104.73	deg	0	----	008A	34.5							
FFFFFD1B	24	FFFFFAAB	FFFFFD78	-87.219	-115.39	-106.2	deg	0	----	008A	34.5							
FFFFFCF1	0000006F	FFFFFA93	FFFFFDC9	-81.931	-112.2	-101.85	deg	0	----	008A	34.5							
FFFFFD17	4	FFFFFA81	FFFFFDFA	-89.692	-110.21	-103.43	deg	0	----	008A	34.5							
FFFFFD11	0000001C	FFFFFAAD	FFFFFD89	-87.865	-114.84	-105.92	deg	0	----	008A	34.5							
FFFFFCEB	0000006B	FFFFFAA1	FFFFFDBA	-82.277	-112.94	-102.38	deg	0	----	008A	34.5							
FFFFFCFB	50	FFFFFA61	FFFFFE1F	-84.091	-108.48	-100.27	deg	0	----	008A	34.5							
FFFFFD09	27	FFFFFAB7	FFFFFDB1	-87.059	-113.59	-104.64	deg	0	----	008A	34.5							
FFFFFCE6	60	FFFFFAB2	FFFFFDA5	-83.106	-113.94	-103.25	deg	0	----	008A	34.5							
FFFFFCFF	40	FFFFFA5F	FFFFFE04	-85.243	-109.41	-101.36	deg	0	----	008A	34.5							
FFFFFD1A	17	FFFFFA63	FFFFFE0B	-88.225	-109.22	-102.37	deg	0	----	008A	34.5							
FFFFFCF3	55	FFFFFAB3	FFFFFDC4	-83.789	-112.85	-102.83	deg	0	----	008A	34.5							
FFFFFD09	32	FFFFFA55	FFFFFE3E	-86.231	-107.23	-100.25	deg	0	----	008A	34.5							
FFFFFD07	0000002A	FFFFFA7B	FFFFFDA6	-86.841	-113.07	-104.44	deg	0	----	008A	34.5							
FFFFFCF9	0000004F	FFFFFAB8	FFFFFD59	-84.18	-116.66	-105.75	deg	0	----	008A	34.5							
FFFFFD08	0000001C	FFFFFA73	FFFFFE62	-87.89	-106.24	-100.03	deg	0	----	88	34							
FFFFFD02	37	FFFFFAA1	FFFFFD28	-85.893	-117.89	-107.45	deg	0	----	88	34							
FFFFFD0F	0000005E	FFFFFA73	FFFFFD8C	-82.884	-113.84	-103.8	deg	0	----	88	34							
FFFFFCFF	0000002F	FFFFFA88	FFFFFE70	-86.503	-105.94	-99.244	deg	0	----	88	34							
FFFFFD0B	46	FFFFFA84	FFFFFD76	-84.717	-114.84	-105.02	deg	0	----	88	34							
FFFFFD22	62	FFFFFA42	FFFFFDB7	-82.395	-111.7	-102.46	deg	0	----	88	34							
FFFFFCF6	0000002A	FFFFFA9C	FFFFFE1F	-86.91	-109.21	-101.49	deg	0	----	88	34							
FFFFFCE4	11	FFFFFAD4	FFFFFE1D	-88.777	-110.04	-102.39	deg	0	----	88	34							
FFFFFD1E	0000005E	FFFFFA50	FFFFFD86	-82.741	-113.53	-103.82	deg	0	----	88	34							
FFFFFCF7	0000003B	FFFFFAA1	FFFFFE27	-85.658	-108.98	-100.88	deg	0	----	88	34							
FFFFFCF2	16	FFFFFAAE	FFFFFE5C	-88.389	-107.13	-100.51	deg	0	----	88	34							
FFFFFD08	33	FFFFFA5B	FFFFFDBB	-86.161	-111.9	-103.51	deg	0	----	88	34							
FFFFFD04	0000003C	FFFFFACD	FFFFFDF0	-85.51	-111.63	-102.59	deg	0	----	88	34							
FFFFFCF3	26	FFFFFA7D	FFFFFE71	-87.214	-105.79	-99.352	deg	0	----	88	34							
FFFFFCF8	37	FFFFFA37	FFFFFDEA	-85.946	-109.82	-101.98	deg	0	----	88	34							
FFFFFD1A	45	FFFFFAB5	FFFFFD4E	-84.687	-116.98	-106.49	deg	0	----	88	34							
FFFFFCED	0000002D	FFFFFA59	FFFFFE71	-86.727	-105.41	-99.004	deg	0	----	88	34							
FFFFFCEF	34	FFFFFA66	FFFFFDB0	-86.21	-112.43	-103.67	deg	0	----	88	34							
FFFFFD1C	0000003E	FFFFFACD	FFFFFD59	-85.211	-117.02	-106.59	deg	0	----	88	34							
FFFFFD1C	0000003F	FFFFFA94	FFFFFE2A	-85.134	-108.7	-100.82	deg	0	----	88	34							
FFFFFCEC	31	FFFFFA8B	FFFFFD95	-86.442	-113.89	-104.62	deg	0	----	008A	34.5							
FFFFFD1E	39	FFFFFAE5	FFFFFD49	-85.583	-118	-107.32	deg	0	----	008A	34.5							
FFFFFD18	45	FFFFFA8F	FFFFFE14	-84.701	-109.45	-101.19	deg	0	----	008A	34.5							
FFFFFCE7	0000003C	FFFFFA45	FFFFFE6B	-85.673	-105.43	-98.679	deg	0	----	008A	34.5							
FFFFFCF9	0000002A	FFFFFA6C	FFFFFDE9	-86.898	-110.53	-102.61	deg	0	----	008A	34.5							
FFFFFD04	46	FFFFFABB	FFFFFDB5	-84.765	-113.51	-103.74	deg	0	----	008A	34.5							
FFFFFCEC	0000003F	FFFFFA5D	FFFFFE53	-85.429	-106.55	-99.316	deg	0	----	008A	34.5							
FFFFFD12	23	FFFFFA54	FFFFFE2F	-87.328	-107.75	-101.04	deg	0	----	008A	34.5							
FFFFFD14	0000002D	FFFFFAC1	FFFFFD59	-86.557	-116.82	-106.86	deg	0	----	008A	34.5							
FFFFFCF5	46	FFFFFA52	FFFFFE66	-84.865	-105.74	-98.657	deg	0	----	008A	34.5							
FFFFFD1C	0000001B	FFFFFA50	FFFFFE4C	-87.91	-106.67	-100.55	deg	0	----	008A	34.5							
FFFFFD0E	0000002E	FFFFFAC5	FFFFFD64	-86.509	-116.51	-106.55	deg	0	----	008A	34.5							
FFFFFCEC	0000005A	FFFFFAC9	FFFFFD73	-83.484	-116.06	-104.85	deg	0	----	008A	34.5							
FFFFFD19	18	FFFFFA5B	FFFFFE37	-88.15	-107.55	-101.19	deg	0	----	008A	34.5							
FFFFFD19	0000002C	FFFFFAB0	FFFFFDAA	-86.611	-113.73	-104.75	deg	0	----	008A	34.5							
FFFFFCF2	0000005A	FFFFFAB3	FFFFFD9E	-83.435	-114.2	-103.66	deg	0	----	008A	34.5							
FFFFFCE7	0000004D	FFFFFA7D	FFFFFDED	-84.454	-110.62	-101.63	deg	0	----	008A	34.5							
FFFFFD23	0000001F	FFFFFA92	FFFFFDE4	-87.578	-111.23	-103.48	deg	0	----	008A	34.5							
FFFFFCF6	0000005D	FFFFFA9C	FFFFFDC5	-83.183	-112.47	-102.48	deg	0	----	008A	34.5							
FFFFFCE4	57	FFFFFA9C	FFFFFDAA	-83.763	-113.42	-103.21	deg	0	----	008A	34.5							
FFFFFD10	13	FFFFFA86	FFFFFDE1	-88.553	-111.17	-103.67	deg	0	----	89	34.2							
FFFFFCFA	0000005C	FFFFFA84	FFFFFDEF	-83.221	-110.64	-101.34	deg	0	----	89	34.2							
FFFFFCF2	58	FFFFFABF	FFFFFD8D	-83.579	-114.99	-104.22	deg	0	----	89	34.2							
FFFFFD0F	21	FFFFFAB4	FFFFFDB2	-87.491	-113.51	-104.79	deg	0	----	89	34.2							
FFFFFD0C	0000001D	FFFFFA39	FFFFFE3F	-87.803	-106.88	-100.64	deg	0	----	89	34.2							
FFFFFCFD	0000004E	FFFFFAEB	FFFFFD76	-84.223	-116.54	-105.43	deg	0	----	89	34.2							
FFFFFD1B	0000002B	FFFFFAC2	FFFFFDCD	-86.679	-112.75	-104.01	deg	0	----	89	34.2							
FFFFFD09	33	FFFFFA15	FFFFFE61	-86.156	-105.31	-99.094	deg	0	----	89	34.2							
FFFFFCE7	49	FFFFFA5D	FFFFFDD4	-84.74	-111.07	-102.18	deg	0	----	89	34.2							
FFFFFD1D	27	FFFFFAAE	FFFFFDF6	-86.979	-110.97	-102.94	deg	0	----	89	34.2							
FFFFFCFF	42	FFFFFA1C	FFFFFE3E	-85.095	-106.61	-99.572	deg	0	----	89	34.2							
FFFFFCED	0000004A	FFFFFA85	FFFFFDB8	-84.628	-112.6	-103.1	deg	0	----	89	34.2							
FFFFFD10	23	FFFFFAF1	FFFFFD96	-87.335	-115.51	-105.89	deg	0	----	89	34.2							
FFFFFCF2	52	FFFFFA1F	FFFFFE3C	-84.014	-106.71	-99.19	deg	0	----	89	34.2							
FFFFFCEE	0000004C	FFFFFA91	FFFFFDC8	-84.477	-112.21	-102.73	deg	0	----	89	34.2							
FFFFFD1B	20	FFFFFB09	FFFFFD59	-87.527	-118.11	-107.82	deg	0	----	89	34.2							
FFFFFD1D	29	FFFFFA64	FFFFFE24	-86.824	-108.33	-101.31	deg	0	----	89	34.2							
FFFFFCE6	44	FFFFFAC2	FFFFFD7E	-85.105	-115.56	-105.04	deg	0	----	89	34.2							
FFFFFD1E	24	FFFFFB06	FFFFFD26	-87.207	-119.81	-109.03	deg	0	----	89	34.2							
FFFFFD28	0000002C	FFFFFA40	FFFFFE76	-86.541	-104.98	-99.039	deg	0	----	89	34.2							
FFFFFCE8	49	FFFFFA27	FFFFFE8B	-84.734	-103.99	-97.467	deg	0	----	008A	34.5							
FFFFFCD9	0000004B	FFFFFAC2	FFFFFD6E	-84.69	-116.11	-105.17	deg	0	----	008A	34.5							
FFFFFD2F	23	FFFFFA65	FFFFFE2E	-87.221	-107.99	-101.3	deg	0	----	008A	34.5							
FFFFFCE8	45	FFFFFA44	FFFFFE68	-85.021	-105.53	-98.531	deg	0	----	008A	34.5							
FFFFFCDC	51	FFFFFA98	FFFFFDC3	-84.247	-112.49	-102.67	deg	0	----	008A	34.5							
FFFFFD1A	29	FFFFFAC5	FFFFFD6D	-86.837	-116.2	-106.54	deg	0	----	008A	34.5							
FFFFFCF3	47	FFFFFA63	FFFFFE2F	-84.806	-107.93	-100.07	deg	0	----	008A	34.5							
FFFFFCE4	0000004C	FFFFFAA2	FFFFFDB2	-84.546	-113.23	-103.32	deg	0	----	008A	34.5							
FFFFFD0A	0000002E	FFFFFA99	FFFFFDC9	-86.527	-112.29	-103.67	deg	0	----	008A	34.5							
FFFFFD1B	29	FFFFFA5D	FFFFFE2F	-86.833	-107.86	-100.98	deg	0	----	008A	34.5							
FFFFFCF2	49	FFFFFAC2	FFFFFD8B	-84.667	-115.11	-104.66	deg	0	----	008A	34.5							
FFFFFD05	36	FFFFFA7F	FFFFFE04	-85.952	-109.82	-101.8	deg	0	----	008A	34.5							
FFFFFD08	29	FFFFFA4F	FFFFFE44	-86.912	-106.94	-100.3	deg	0	----	008A	34.5							
FFFFFD0A	39	FFFFFA9E	FFFFFDA3	-85.7	-113.7	-104.38	deg	0	----	008A	34.5							
FFFFFCF8	39	FFFFFA79	FFFFFE2D	-85.799	-108.26	-100.59	deg	0	----	008A	34.5							
FFFFFCFD	0000002E	FFFFFA60	FFFFFE2C	-86.586	-108	-100.8	deg	0	----	008A	34.5							
FFFFFD15	0000003B	FFFFFAAE	FFFFFD7C	-85.484	-115.3	-105.5	deg	0	----	008A	34.5							
FFFFFD07	41	FFFFFAB5	FFFFFD8E	-85.118	-114.79	-104.84	deg	0	----	008A	34.5							
FFFFFCFF	0000002E	FFFFFA6C	FFFFFE2F	-86.577	-108.03	-100.79	deg	0	----	008A	34.5							
FFFFFD18	34	FFFFFABA	FFFFFD8A	-86.002	-115.01	-105.43	deg	0	----	008A	34.5							
FFFFFCFF	40	FFFFFA96	FFFFFD85	-85.243	-114.61	-104.84	deg	0	----	89	34.2							
FFFFFCEA	46	FFFFFA6A	FFFFFE15	-84.936	-108.95	-100.73	deg	0	----	89	34.2							
FFFFFD1C	25	FFFFFAA9	FFFFFDB7	-87.138	-113.16	-104.57	deg	0	----	89	34.2							
FFFFFCEF	0000003B	FFFFFA94	FFFFFD62	-85.702	-115.76	-105.7	deg	0	----	89	34.2							
FFFFFCF4	0000004E	FFFFFA78	FFFFFDFB	-84.289	-110.05	-101.3	deg	0	----	89	34.2							
FFFFFD16	32	FFFFFA7B	FFFFFE6B	-86.166	-105.99	-99.337	deg	0	----	89	34.2							
FFFFFCF6	40	FFFFFAA3	FFFFFD51	-85.297	-116.58	-106.15	deg	0	----	89	34.2							
FFFFFCFF	0000003D	FFFFFAA6	FFFFFDB0	-85.465	-113.37	-103.94	deg	0	----	89	34.2							
FFFFFD0B	0000002D	FFFFFA58	FFFFFE89	-86.598	-104.51	-98.512	deg	0	----	89	34.2							
FFFFFD13	39	FFFFFA68	FFFFFE0C	-85.648	-109.24	-101.48	deg	0	----	89	34.2							
FFFFFCEB	37	FFFFFAB0	FFFFFDBD	-86.012	-113.06	-103.7	deg	0	----	89	34.2							
FFFFFD0A	26	FFFFFA46	FFFFFE7E	-87.13	-104.75	-98.893	deg	0	----	89	34.2							
FFFFFD1E	0000003C	FFFFFA69	FFFFFDFA	-85.352	-109.89	-101.92	deg	0	----	89	34.2							
FFFFFCFB	0000004F	FFFFFADA	FFFFFD3F	-84.165	-118.14	-106.66	deg	0	----	89	34.2							
FFFFFD0D	0000001F	FFFFFA39	FFFFFE85	-87.649	-104.37	-98.854	deg	0	----	89	34.2							
FFFFFD0F	48	FFFFFA7B	FFFFFDD2	-84.538	-111.54	-102.64	deg	0	----	89	34.2							
FFFFFCFE	55	FFFFFAEA	FFFFFD36	-83.701	-118.74	-106.88	deg	0	----	89	34.2							
FFFFFCFD	22	FFFFFAA6	FFFFFDD4	-87.475	-112.08	-103.7	deg	0	----	89	34.2							
FFFFFD06	0000001B	FFFFFA1A	FFFFFEA8	-87.971	-102.83	-97.943	deg	0	----	89	34.2							
FFFFFD04	56	FFFFFB00	FFFFFD14	-83.578	-120.3	-107.94	deg	0	----	89	34.2							
FFFFFCFB	0000002C	FFFFFABF	FFFFFDAB	-86.742	-113.93	-104.63	deg	0	----	008A	34.5							
FFFFFCF6	17	FFFFFA20	FFFFFEA2	-88.307	-103.1	-98.155	deg	0	----	008A	34.5							
FFFFFD0B	47	FFFFFA64	FFFFFE0A	-84.642	-109.26	-101.11	deg	0	----	008A	34.5							
FFFFFCFD	0000002B	FFFFFAB0	FFFFFDB8	-86.808	-113.23	-104.24	deg	0	----	008A	34.5							
FFFFFCEF	0000000A	FFFFFA49	FFFFFE44	-89.27	-106.88	-100.92	deg	0	----	008A	34.5							
FFFFFD05	0000004B	FFFFFA5D	FFFFFE14	-84.386	-108.82	-100.7	deg	0	----	008A	34.5							
FFFFFD19	0000006F	FFFFFABA	FFFFFDB6	-81.503	-113.46	-102.78	deg	0	----	008A	34.5							
FFFFFCED	0	FFFFFA62	FFFFFDF7	-90	-109.91	-103.17	deg	0	----	008A	34.5							
FFFFFCFE	66	FFFFFA1E	FFFFFE78	-82.454	-104.59	-97.261	deg	0	----	008A	34.5							
FFFFFD19	0000006D	FFFFFAA1	FFFFFDE3	-81.654	-111.47	-101.52	deg	0	----	008A	34.5							
FFFFFD0D	3	FFFFFB0D	FFFFFD29	-89.772	-119.84	-109.7	deg	0	----	008A	34.5							
FFFFFCF9	0000006E	FFFFFA07	FFFFFE94	-81.922	-103.39	-96.291	deg	0	----	008A	34.5							
FFFFFD15	0000006F	FFFFFA93	FFFFFDD7	-81.548	-111.7	-101.69	deg	0	----	008A	34.5							
FFFFFD10	7	FFFFFB0A	FFFFFD3E	-89.467	-119.07	-109.07	deg	0	----	008A	34.5							
FFFFFCF3	FFFFFFFD	FFFFFAAB	FFFFFDB4	-90.22	-113.3	-105.39	deg	0	----	008A	34.5							
FFFFFD16	73	FFFFFA53	FFFFFE43	-81.237	-107.02	-98.535	deg	0	----	008A	34.5							
FFFFFD19	0000000F	FFFFFAFB	FFFFFD7E	-88.843	-116.54	-107.18	deg	0	----	008A	34.5							
FFFFFCE6	6	FFFFFAEF	FFFFFD19	-89.567	-119.8	-109.41	deg	0	----	008A	34.5							
FFFFFCF0	0000005A	FFFFFA0F	FFFFFE4C	-83.451	-105.99	-98.537	deg	0	----	008A	34.5							
FFFFFD14	0000001C	FFFFFB15	FFFFFD5B	-87.856	-118.26	-107.92	deg	0	----	008A	34.5							
FFFFFCE0	0000001A	FFFFFAFF	FFFFFCE1	-88.139	-121.95	-110.37	deg	0	----	008A	34.5							
FFFFFD01	50	FFFFF9ED	FFFFFE96	-84.045	-103.1	-96.924	deg	0	----	008A	34.5							
FFFFFD25	49	FFFFFA2B	FFFFFEC1	-84.297	-102.06	-96.312	deg	0	----	008A	34.5							
FFFFFCE4	30	FFFFFADD	FFFFFD16	-86.549	-119.56	-108.29	deg	0	----	008A	34.5							
FFFFFD0D	0000003B	FFFFFA1C	FFFFFE5F	-85.532	-105.45	-98.99	deg	0	----	008A	34.5							
FFFFFD1A	0000003B	FFFFFA43	FFFFFE9F	-85.454	-103.51	-97.574	deg	0	----	008A	34.5							
FFFFFD03	0000003F	FFFFFAD8	FFFFFD88	-85.292	-115.58	-105.26	deg	0	----	008A	34.5							
FFFFFCFB	0000002F	FFFFFA3F	FFFFFE3F	-86.521	-106.95	-100.14	deg	0	----	008A	34.5							
FFFFFD0B	42	FFFFFA53	FFFFFE87	-85.017	-104.54	-98.01	deg	0	----	008A	34.5							
FFFFFD10	45	FFFFFAC8	FFFFFD85	-84.757	-115.42	-105.16	deg	0	----	008A	34.5							
FFFFFD07	0000002C	FFFFFA9C	FFFFFD80	-86.691	-114.88	-105.55	deg	0	----	008A	34.5							
FFFFFCFA	0000004A	FFFFFA90	FFFFFE12	-84.539	-109.53	-100.97	deg	0	----	008A	34.5							
FFFFFD06	0000004D	FFFFFA67	FFFFFDD6	-84.23	-111.13	-102.26	deg	0	----	008A	34.5							
FFFFFD13	0000001F	FFFFFA73	FFFFFDF2	-87.63	-110.31	-102.85	deg	0	----	008A	34.5							
FFFFFD04	22	FFFFFAED	FFFFFDA0	-87.452	-115.08	-105.54	deg	0	----	008A	34.5							
FFFFFCE9	0000004B	FFFFFAB2	FFFFFDA3	-84.584	-114.01	-103.85	deg	0	----	008A	34.5							
FFFFFD23	27	FFFFFA70	FFFFFE0E	-86.954	-109.27	-102.01	deg	0	----	008A	34.5							
FFFFFCFC	0000002D	FFFFFB20	FFFFFD6E	-86.664	-117.8	-106.88	deg	0	----	008A	34.5							
FFFFFCDC	45	FFFFFA96	FFFFFDBF	-85.095	-112.6	-103.06	deg	0	----	008A	34.5							
FFFFFD13	0000003B	FFFFF9F6	FFFFFE51	-85.496	-105.57	-99.207	deg	0	----	008A	34.5							
FFFFFCEE	38	FFFFFB1D	FFFFFD76	-85.925	-117.45	-106.25	deg	0	----	008B	34.8							
FFFFFCE0	38	FFFFFA92	FFFFFDC0	-85.996	-112.5	-103.35	deg	0	----	008B	34.8							
FFFFFD1D	0000003F	FFFFFA10	FFFFFE36	-85.127	-106.76	-99.918	deg	0	----	008B	34.8							
FFFFFD21	39	FFFFFA8F	FFFFFE02	-85.566	-110.1	-102.01	deg	0	----	008B	34.8							
FFFFFCE7	38	FFFFFA8F	FFFFFDAD	-85.961	-113.12	-103.85	deg	0	----	008B	34.8							
FFFFFD1F	0000004D	FFFFFA28	FFFFFE36	-84.036	-107.02	-99.683	deg	0	----	008B	34.8							
FFFFFD1C	42	FFFFFA94	FFFFFE05	-84.903	-110.06	-101.7	deg	0	----	008B	34.8							
FFFFFCE5	0000001A	FFFFFABD	FFFFFDB5	-88.127	-113.54	-104.67	deg	0	----	008B	34.8							
FFFFFD1E	59	FFFFFA80	FFFFFDDD	-83.124	-111.23	-102.04	deg	0	----	008B	34.8							
FFFFFD09	51	FFFFFAAA	FFFFFDBF	-83.908	-112.89	-103.13	deg	0	----	008B	34.8							
FFFFFCED	19	FFFFFA77	FFFFFDF9	-88.181	-110.11	-102.63	deg	0	----	008B	34.8							
FFFFFD01	17	FFFFFA78	FFFFFDF9	-88.282	-110.12	-102.8	deg	0	----	008B	34.8							
FFFFFD01	0000005D	FFFFFA91	FFFFFDD9	-83.087	-111.6	-101.98	deg	0	----	008B	34.8							
FFFFFCF0	19	FFFFFA63	FFFFFDFD	-88.174	-109.71	-102.44	deg	0	----	008B	34.8							
FFFFFD04	0000000E	FFFFFA9C	FFFFFDD4	-88.95	-111.94	-104.18	deg	0	----	008B	34.8							
FFFFFD15	62	FFFFFAB4	FFFFFDD8	-82.526	-112.15	-102.18	deg	0	----	008B	34.8							
FFFFFCF3	0000000A	FFFFFA63	FFFFFDD9	-89.266	-110.97	-103.7	deg	0	----	008B	34.8							
FFFFFD04	0000000B	FFFFFAA6	FFFFFDDA	-89.175	-111.87	-104.17	deg	0	----	008B	34.8							
FFFFFD0E	0000006A	FFFFFAB4	FFFFFDE7	-81.998	-111.6	-101.54	deg	0	----	008B	34.8							
FFFFFCFE	61	FFFFFA8A	FFFFFDC4	-82.82	-112.25	-102.35	deg	0	----	008B	34.8							
FFFFFD0B	14	FFFFFA7F	FFFFFE0A	-88.487	-109.61	-102.54	deg	0	----	89	34.2							
FFFFFD0C	58	FFFFFAA4	FFFFFDF6	-83.361	-110.83	-101.52	deg	0	----	89	34.2							
FFFFFCF9	55	FFFFFA98	FFFFFDCB	-83.741	-112.2	-102.53	deg	0	----	89	34.2							
FFFFFD07	0000001F	FFFFFA86	FFFFFDB3	-87.667	-112.78	-104.46	deg	0	----	89	34.2							
FFFFFCFB	0000004F	FFFFFA96	FFFFFE0C	-84.165	-109.83	-101.03	deg	0	----	89	34.2							
FFFFFD03	47	FFFFFA80	FFFFFDF9	-84.698	-110.23	-101.64	deg	0	----	89	34.2							
FFFFFD15	24	FFFFFA73	FFFFFDCA	-87.241	-111.71	-103.73	deg	0	----	89	34.2							
FFFFFCF5	38	FFFFFA95	FFFFFDBD	-85.888	-112.65	-103.57	deg	0	----	89	34.2							
FFFFFD16	0000002E	FFFFFA90	FFFFFDF4	-86.471	-110.62	-102.6	deg	0	----	89	34.2							
FFFFFD0A	0000002C	FFFFFA69	FFFFFDF0	-86.678	-110.25	-102.46	deg	0	----	89	34.2							
FFFFFCE9	58	FFFFFA7B	FFFFFDD5	-83.652	-111.44	-101.96	deg	0	----	89	34.2							
FFFFFD0A	36	FFFFFAAB	FFFFFDC4	-85.925	-112.73	-103.71	deg	0	----	89	34.2							
FFFFFD1B	16	FFFFFAA8	FFFFFDD3	-88.299	-112.15	-104.23	deg	0	----	89	34.2							
FFFFFCF0	59	FFFFFA6D	FFFFFDF5	-83.523	-110.12	-101.1	deg	0	----	89	34.2							
FFFFFD14	27	FFFFFAA7	FFFFFDD2	-87.015	-112.17	-103.77	deg	0	----	89	34.2							
FFFFFD10	0000001B	FFFFFAA5	FFFFFDCC	-87.944	-112.36	-104.19	deg	0	----	89	34.2							
FFFFFCF4	0000004D	FFFFFA88	FFFFFDD1	-84.362	-111.76	-102.46	deg	0	----	89	34.2							
FFFFFD12	26	FFFFFA7A	FFFFFE12	-87.099	-109.25	-101.89	deg	0	----	89	34.2							
FFFFFCFF	16	FFFFFAB9	FFFFFDA4	-88.361	-114.08	-105.35	deg	0	----	89	34.2							
FFFFFCF5	46	FFFFFAB3	FFFFFD7E	-84.865	-115.31	-104.99	deg	0	----	89	34.2							
FFFFFD0F	0000005F	FFFFFA49	FFFFFE4F	-82.809	-106.48	-98.672	deg	0	----	89	34.2							
FFFFFCEF	14	FFFFFAD3	FFFFFD60	-88.541	-116.89	-107.17	deg	0	----	89	34.2							
FFFFFCF8	42	FFFFFAAC	FFFFFD77	-85.139	-115.44	-105.23	deg	0	----	89	34.2							
FFFFFD25	0000005A	FFFFFA4D	FFFFFE58	-82.981	-106.2	-98.671	deg	0	----	89	34.2							
FFFFFD04	0000002E	FFFFFA73	FFFFFE3A	-86.554	-107.71	-100.57	deg	0	----	89	34.2							
FFFFFD03	42	FFFFFAA4	FFFFFD7F	-85.069	-115.04	-105.06	deg	0	----	89	34.2							
FFFFFD21	53	FFFFFA55	FFFFFE56	-83.557	-106.36	-98.917	deg	0	----	89	34.2							
FFFFFD00	30	FFFFFA6A	FFFFFE54	-86.424	-106.66	-99.809	deg	0	----	89	34.2							
FFFFFCF5	20	FFFFFAC2	FFFFFD5E	-87.648	-116.66	-106.84	deg	0	----	89	34.2							
FFFFFD0A	53	FFFFFA53	FFFFFE6D	-83.751	-105.5	-98.235	deg	0	----	89	34.2							
FFFFFCF6	0000003B	FFFFFA60	FFFFFE76	-85.663	-105.3	-98.589	deg	0	----	89	34.2							
FFFFFD03	17	FFFFFAB8	FFFFFD4C	-88.278	-117.1	-107.53	deg	0	----	89	34.2							
FFFFFD14	37	FFFFFAA5	FFFFFD70	-85.795	-115.57	-105.83	deg	0	----	89	34.2							
FFFFFCF0	39	FFFFFA80	FFFFFE33	-85.842	-108.12	-100.44	deg	0	----	89	34.2							
FFFFFD07	23	FFFFFA9D	FFFFFD70	-87.367	-115.44	-106.18	deg	0	----	89	34.2							
FFFFFD17	0000003C	FFFFFA82	FFFFFDBC	-85.396	-112.41	-103.59	deg	0	----	89	34.2							
FFFFFCF8	42	FFFFFA7C	FFFFFE36	-85.139	-107.97	-100.15	deg	0	----	89	34.2							
FFFFFD14	36	FFFFFAA0	FFFFFD99	-85.871	-114.08	-104.79	deg	0	----	89	34.2							
FFFFFD11	0000003B	FFFFFA78	FFFFFDD5	-85.508	-111.4	-102.89	deg	0	----	89	34.2							
FFFFFCE8	0000003A	FFFFFA81	FFFFFDFA	-85.812	-110.21	-101.81	deg	0	----	89	34.2							
FFFFFD02	35	FFFFFA98	FFFFFDEA	-86.042	-111.09	-102.61	deg	0	----	008A	34.5							
FFFFFD01	0000003A	FFFFFA86	FFFFFDDA	-85.676	-111.42	-102.78	deg	0	----	008A	34.5							
FFFFFCE7	0000003B	FFFFFA8D	FFFFFDF0	-85.745	-110.73	-102.09	deg	0	----	008A	34.5							
FFFFFD0E	0000003A	FFFFFA9A	FFFFFDBA	-85.601	-112.83	-103.78	deg	0	----	008A	34.5							
FFFFFD1A	39	FFFFFA72	FFFFFDFB	-85.607	-109.98	-102	deg	0	----	008A	34.5							
FFFFFCF5	37	FFFFFA7D	FFFFFE1E	-85.961	-108.86	-101.03	deg	0	----	008A	34.5							
FFFFFD12	0000003C	FFFFFA96	FFFFFDA2	-85.426	-113.61	-104.33	deg	0	----	008A	34.5							
FFFFFD19	45	FFFFFA4E	FFFFFE3E	-84.694	-107.15	-99.821	deg	0	----	008A	34.5							
FFFFFCF4	0000002D	FFFFFA92	FFFFFE05	-86.698	-110.03	-102.01	deg	0	----	008A	34.5							
FFFFFCEE	26	FFFFFAD1	FFFFFD6D	-87.232	-116.4	-106.37	deg	0	----	008A	34.5							
FFFFFD14	49	FFFFFA41	FFFFFE5A	-84.426	-106	-98.938	deg	0	----	008A	34.5							
FFFFFCF5	20	FFFFFAB2	FFFFFDB5	-87.648	-113.37	-104.55	deg	0	----	008A	34.5							
FFFFFCF5	0000002C	FFFFFABB	FFFFFD98	-86.767	-114.54	-105.04	deg	0	----	008A	34.5							
FFFFFD16	54	FFFFFA5D	FFFFFE2C	-83.576	-107.96	-99.95	deg	0	----	008A	34.5							
FFFFFCF1	0000001E	FFFFFAB6	FFFFFD8D	-87.806	-114.84	-105.6	deg	0	----	008A	34.5							
FFFFFD00	32	FFFFFA94	FFFFFDE3	-86.275	-111.29	-102.83	deg	0	----	008A	34.5							
